mode: set
github.com/MninaTB/vacadm/pkg/database/inmemory/inmemory.go:17.34,26.2 1 1
github.com/MninaTB/vacadm/pkg/database/inmemory/inmemory.go:51.93,54.22 3 1
github.com/MninaTB/vacadm/pkg/database/inmemory/inmemory.go:57.2,57.32 1 1
github.com/MninaTB/vacadm/pkg/database/inmemory/inmemory.go:63.2,63.26 1 1
github.com/MninaTB/vacadm/pkg/database/inmemory/inmemory.go:76.2,76.24 1 1
github.com/MninaTB/vacadm/pkg/database/inmemory/inmemory.go:83.2,90.18 7 1
github.com/MninaTB/vacadm/pkg/database/inmemory/inmemory.go:54.22,56.3 1 1
github.com/MninaTB/vacadm/pkg/database/inmemory/inmemory.go:57.32,58.28 1 1
github.com/MninaTB/vacadm/pkg/database/inmemory/inmemory.go:58.28,60.4 1 0
github.com/MninaTB/vacadm/pkg/database/inmemory/inmemory.go:63.26,65.33 2 1
github.com/MninaTB/vacadm/pkg/database/inmemory/inmemory.go:71.3,71.19 1 1
github.com/MninaTB/vacadm/pkg/database/inmemory/inmemory.go:65.33,66.30 1 1
github.com/MninaTB/vacadm/pkg/database/inmemory/inmemory.go:66.30,68.10 2 1
github.com/MninaTB/vacadm/pkg/database/inmemory/inmemory.go:71.19,73.4 1 1
github.com/MninaTB/vacadm/pkg/database/inmemory/inmemory.go:76.24,78.17 2 0
github.com/MninaTB/vacadm/pkg/database/inmemory/inmemory.go:78.17,80.4 1 0
github.com/MninaTB/vacadm/pkg/database/inmemory/inmemory.go:94.85,97.32 3 1
github.com/MninaTB/vacadm/pkg/database/inmemory/inmemory.go:103.2,104.41 2 1
github.com/MninaTB/vacadm/pkg/database/inmemory/inmemory.go:97.32,98.17 1 1
github.com/MninaTB/vacadm/pkg/database/inmemory/inmemory.go:98.17,101.4 2 1
github.com/MninaTB/vacadm/pkg/database/inmemory/inmemory.go:108.74,114.32 5 1
github.com/MninaTB/vacadm/pkg/database/inmemory/inmemory.go:117.2,117.23 1 1
github.com/MninaTB/vacadm/pkg/database/inmemory/inmemory.go:114.32,116.3 1 1
github.com/MninaTB/vacadm/pkg/database/inmemory/inmemory.go:121.91,125.40 4 1
github.com/MninaTB/vacadm/pkg/database/inmemory/inmemory.go:155.2,156.56 2 1
github.com/MninaTB/vacadm/pkg/database/inmemory/inmemory.go:125.40,126.35 1 1
github.com/MninaTB/vacadm/pkg/database/inmemory/inmemory.go:129.3,129.23 1 1
github.com/MninaTB/vacadm/pkg/database/inmemory/inmemory.go:132.3,132.27 1 1
github.com/MninaTB/vacadm/pkg/database/inmemory/inmemory.go:145.3,145.27 1 1
github.com/MninaTB/vacadm/pkg/database/inmemory/inmemory.go:148.3,148.26 1 1
github.com/MninaTB/vacadm/pkg/database/inmemory/inmemory.go:151.3,153.36 3 1
github.com/MninaTB/vacadm/pkg/database/inmemory/inmemory.go:126.35,127.12 1 0
github.com/MninaTB/vacadm/pkg/database/inmemory/inmemory.go:129.23,131.4 1 1
github.com/MninaTB/vacadm/pkg/database/inmemory/inmemory.go:132.27,134.34 2 0
github.com/MninaTB/vacadm/pkg/database/inmemory/inmemory.go:141.4,141.14 1 0
github.com/MninaTB/vacadm/pkg/database/inmemory/inmemory.go:134.34,135.31 1 0
github.com/MninaTB/vacadm/pkg/database/inmemory/inmemory.go:135.31,138.11 3 0
github.com/MninaTB/vacadm/pkg/database/inmemory/inmemory.go:141.14,143.5 1 0
github.com/MninaTB/vacadm/pkg/database/inmemory/inmemory.go:145.27,147.4 1 1
github.com/MninaTB/vacadm/pkg/database/inmemory/inmemory.go:148.26,150.4 1 1
github.com/MninaTB/vacadm/pkg/database/inmemory/inmemory.go:160.69,163.35 3 1
github.com/MninaTB/vacadm/pkg/database/inmemory/inmemory.go:170.2,171.40 2 1
github.com/MninaTB/vacadm/pkg/database/inmemory/inmemory.go:163.35,164.20 1 1
github.com/MninaTB/vacadm/pkg/database/inmemory/inmemory.go:164.20,168.4 3 1
github.com/MninaTB/vacadm/pkg/database/inmemory/inmemory.go:176.93,180.24 3 1
github.com/MninaTB/vacadm/pkg/database/inmemory/inmemory.go:183.2,184.16 2 1
github.com/MninaTB/vacadm/pkg/database/inmemory/inmemory.go:187.2,188.26 2 1
github.com/MninaTB/vacadm/pkg/database/inmemory/inmemory.go:194.2,194.12 1 1
github.com/MninaTB/vacadm/pkg/database/inmemory/inmemory.go:197.2,204.18 7 1
github.com/MninaTB/vacadm/pkg/database/inmemory/inmemory.go:180.24,182.3 1 0
github.com/MninaTB/vacadm/pkg/database/inmemory/inmemory.go:184.16,186.3 1 0
github.com/MninaTB/vacadm/pkg/database/inmemory/inmemory.go:188.26,189.27 1 1
github.com/MninaTB/vacadm/pkg/database/inmemory/inmemory.go:189.27,191.9 2 1
github.com/MninaTB/vacadm/pkg/database/inmemory/inmemory.go:194.12,196.3 1 1
github.com/MninaTB/vacadm/pkg/database/inmemory/inmemory.go:208.85,211.32 3 1
github.com/MninaTB/vacadm/pkg/database/inmemory/inmemory.go:217.2,218.41 2 1
github.com/MninaTB/vacadm/pkg/database/inmemory/inmemory.go:211.32,212.17 1 1
github.com/MninaTB/vacadm/pkg/database/inmemory/inmemory.go:212.17,215.4 2 1
github.com/MninaTB/vacadm/pkg/database/inmemory/inmemory.go:222.74,227.32 5 1
github.com/MninaTB/vacadm/pkg/database/inmemory/inmemory.go:230.2,230.23 1 1
github.com/MninaTB/vacadm/pkg/database/inmemory/inmemory.go:227.32,229.3 1 1
github.com/MninaTB/vacadm/pkg/database/inmemory/inmemory.go:234.95,239.16 5 1
github.com/MninaTB/vacadm/pkg/database/inmemory/inmemory.go:242.2,242.29 1 1
github.com/MninaTB/vacadm/pkg/database/inmemory/inmemory.go:247.2,247.19 1 1
github.com/MninaTB/vacadm/pkg/database/inmemory/inmemory.go:239.16,241.3 1 0
github.com/MninaTB/vacadm/pkg/database/inmemory/inmemory.go:242.29,243.45 1 1
github.com/MninaTB/vacadm/pkg/database/inmemory/inmemory.go:243.45,245.4 1 1
github.com/MninaTB/vacadm/pkg/database/inmemory/inmemory.go:251.91,255.40 4 1
github.com/MninaTB/vacadm/pkg/database/inmemory/inmemory.go:263.2,264.56 2 1
github.com/MninaTB/vacadm/pkg/database/inmemory/inmemory.go:255.40,256.35 1 1
github.com/MninaTB/vacadm/pkg/database/inmemory/inmemory.go:256.35,261.4 4 1
github.com/MninaTB/vacadm/pkg/database/inmemory/inmemory.go:268.69,271.35 3 1
github.com/MninaTB/vacadm/pkg/database/inmemory/inmemory.go:278.2,279.40 2 1
github.com/MninaTB/vacadm/pkg/database/inmemory/inmemory.go:271.35,272.20 1 1
github.com/MninaTB/vacadm/pkg/database/inmemory/inmemory.go:272.20,276.4 3 1
github.com/MninaTB/vacadm/pkg/database/inmemory/inmemory.go:283.93,286.36 3 0
github.com/MninaTB/vacadm/pkg/database/inmemory/inmemory.go:292.2,293.45 2 0
github.com/MninaTB/vacadm/pkg/database/inmemory/inmemory.go:286.36,287.17 1 0
github.com/MninaTB/vacadm/pkg/database/inmemory/inmemory.go:287.17,290.4 2 0
github.com/MninaTB/vacadm/pkg/database/inmemory/inmemory.go:297.82,302.36 5 0
github.com/MninaTB/vacadm/pkg/database/inmemory/inmemory.go:305.2,305.27 1 0
github.com/MninaTB/vacadm/pkg/database/inmemory/inmemory.go:302.36,304.3 1 0
github.com/MninaTB/vacadm/pkg/database/inmemory/inmemory.go:309.73,312.43 3 0
github.com/MninaTB/vacadm/pkg/database/inmemory/inmemory.go:319.2,320.44 2 0
github.com/MninaTB/vacadm/pkg/database/inmemory/inmemory.go:312.43,313.24 1 0
github.com/MninaTB/vacadm/pkg/database/inmemory/inmemory.go:313.24,317.4 3 0
github.com/MninaTB/vacadm/pkg/database/inmemory/inmemory.go:325.121,336.2 9 0
github.com/MninaTB/vacadm/pkg/database/inmemory/inmemory.go:339.107,342.43 3 0
github.com/MninaTB/vacadm/pkg/database/inmemory/inmemory.go:348.2,349.53 2 0
github.com/MninaTB/vacadm/pkg/database/inmemory/inmemory.go:342.43,343.17 1 0
github.com/MninaTB/vacadm/pkg/database/inmemory/inmemory.go:343.17,346.4 2 0
github.com/MninaTB/vacadm/pkg/database/inmemory/inmemory.go:353.96,358.43 5 0
github.com/MninaTB/vacadm/pkg/database/inmemory/inmemory.go:361.2,361.34 1 0
github.com/MninaTB/vacadm/pkg/database/inmemory/inmemory.go:358.43,360.3 1 0
github.com/MninaTB/vacadm/pkg/database/inmemory/inmemory.go:365.121,368.2 2 0
github.com/MninaTB/vacadm/pkg/database/inmemory/inmemory.go:371.80,374.57 3 0
github.com/MninaTB/vacadm/pkg/database/inmemory/inmemory.go:381.2,382.52 2 0
github.com/MninaTB/vacadm/pkg/database/inmemory/inmemory.go:374.57,375.31 1 0
github.com/MninaTB/vacadm/pkg/database/inmemory/inmemory.go:375.31,379.4 3 0
github.com/MninaTB/vacadm/pkg/database/inmemory/inmemory.go:387.127,398.2 9 0
github.com/MninaTB/vacadm/pkg/database/inmemory/inmemory.go:401.111,404.45 3 0
github.com/MninaTB/vacadm/pkg/database/inmemory/inmemory.go:410.2,411.55 2 0
github.com/MninaTB/vacadm/pkg/database/inmemory/inmemory.go:404.45,405.17 1 0
github.com/MninaTB/vacadm/pkg/database/inmemory/inmemory.go:405.17,408.4 2 0
github.com/MninaTB/vacadm/pkg/database/inmemory/inmemory.go:415.99,420.45 5 0
github.com/MninaTB/vacadm/pkg/database/inmemory/inmemory.go:423.2,423.36 1 0
github.com/MninaTB/vacadm/pkg/database/inmemory/inmemory.go:420.45,422.3 1 0
github.com/MninaTB/vacadm/pkg/database/inmemory/inmemory.go:427.127,430.2 2 0
github.com/MninaTB/vacadm/pkg/database/inmemory/inmemory.go:433.82,436.61 3 0
github.com/MninaTB/vacadm/pkg/database/inmemory/inmemory.go:443.2,444.54 2 0
github.com/MninaTB/vacadm/pkg/database/inmemory/inmemory.go:436.61,437.33 1 0
github.com/MninaTB/vacadm/pkg/database/inmemory/inmemory.go:437.33,441.4 3 0
